Arguments: 
  /Users/russell/.nvm/versions/node/v10.15.3/bin/node /usr/local/bin/yarn add pudding-chart

PATH: 
  /Users/russell/.nvm/versions/node/v10.15.3/lib/node_modules/npm/node_modules/npm-lifecycle/node-gyp-bin:/Users/russell/Pudding/projects/author-locations/node_modules/.bin:/Users/russell/.nvm/versions/node/v10.15.3/lib/node_modules/npm/node_modules/npm-lifecycle/node-gyp-bin:/Users/russell/Pudding/projects/author-locations/node_modules/.bin:/Users/russell/.nvm/versions/node/v10.15.3/lib/node_modules/npm/node_modules/npm-lifecycle/node-gyp-bin:/Users/russell/Pudding/projects/author-locations/node_modules/.bin:/Users/russell/.nvm/versions/node/v10.15.3/bin:/Users/russell/anaconda3/bin:/Users/russell/anaconda/bin:/usr/local/bin:/usr/bin:/bin:/usr/sbin:/sbin:/opt/X11/bin

Yarn version: 
  0.19.1

Node version: 
  10.15.3

Platform: 
  darwin x64

npm manifest: 
  {
  	"name": "starter",
  	"version": "4.1.0",
  	"description": "Starter template for Pudding stories",
  	"author": "Russell Goldenberg",
  	"license": "MIT",
  	"engines": {
  		"node": ">=8.0.0"
  	},
  	"dependencies": {
  		"lodash.debounce": "4.0.8",
  		"nouislider": "14.0.3",
  		"superagent": "5.1.0"
  	},
  	"devDependencies": {
  		"archieml": "0.4.2",
  		"autoprefixer-stylus": "1.0.0",
  		"babel-eslint": "10.0.3",
  		"cli-error-notifier": "2.1.0",
  		"d3-dsv": "1.1.1",
  		"eslint": "6.6.0",
  		"eslint-config-airbnb-base": "14.0.0",
  		"eslint-config-prettier": "6.5.0",
  		"eslint-plugin-import": "2.18.2",
  		"eslint-plugin-prettier": "3.1.1",
  		"handlebars": "4.5.1",
  		"imagemin": "7.0.0",
  		"imagemin-mozjpeg": "8.0.0",
  		"imagemin-pngquant": "8.0.0",
  		"inline-source": "7.1.0",
  		"light-server": "2.6.4",
  		"npm-run-all": "4.1.5",
  		"onchange": "6.1.0",
  		"parcel-bundler": "1.12.4",
  		"prettier": "1.18.2",
  		"promise-polyfill": "8.1.3",
  		"replace-in-file": "4.2.0",
  		"request": "2.88.0",
  		"rimraf": "3.0.0",
  		"stylus": "0.54.7",
  		"whatwg-fetch": "3.0.0"
  	},
  	"main": "scripts/main.js",
  	"scripts": {
  		"depudding": "node ./scripts/depudding.js",
  		"doc": "node ./scripts/fetch-doc.js",
  		"sheet": "node ./scripts/fetch-sheet.js",
  		"build": "run-s build:assets build:css build:js build:html",
  		"prebuild": "rm -rf .tmp .cache dev && mkdir .tmp .cache dev",
  		"build:assets": "cp -r src/assets dev",
  		"build:css": "onerror \"stylus src/css/config.styl -u autoprefixer-stylus -o dev/bundle.css -m\"  -t \"Build Error in CSS\" -m \"See terminal for details\" -s Basso",
  		"build:js": "onerror \"parcel build src/js/main.js --out-dir dev --no-minify\"  -t \"Build Error in JS\" -m \"See terminal for details\" -s Basso",
  		"build:html": "onerror \"node ./scripts/html.js\" -t \"Build Error in HTML\" -m \"See terminal for details\" -s Basso",
  		"deploy": "NODE_ENV=dist run-s deploy:*",
  		"predeploy": "rm -rf .tmp .cache dist && mkdir .tmp .cache dist",
  		"deploy:assets": "cp -r src/assets dist && node ./scripts/image-min.js",
  		"deploy:css": "stylus src/css/config.styl -u autoprefixer-stylus -o dist/bundle.css -c",
  		"deploy:js": "parcel build src/js/main.js --out-dir dist --no-source-maps",
  		"deploy:html": "node ./scripts/html.js",
  		"watch:assets": "onchange -k 'src/assets/**/*' -- run-s build:assets",
  		"watch:html": "onchange 'src/html/**/*' 'data/*/' -- run-s build:html",
  		"watch:css": "stylus src/css/config.styl -u autoprefixer-stylus -o dev/bundle.css -m -w",
  		"watch:js": "parcel watch src/js/main.js --out-dir dev --no-hmr",
  		"serve": "light-server -q -o -s dev -p 4000 -w 'dev/*.css # # reloadcss' -w 'dev/*.js # #' -w 'dev/*.html # #' -w 'dev/assets/**/* # #'",
  		"dev": "run-p serve watch:*",
  		"start": "NODE_ENV=dev run-s build dev"
  	},
  	"repository": {
  		"type": "git",
  		"url": "git+https://github.com/polygraph-cool/starter.git"
  	},
  	"keywords": [
  		"pudding",
  		"starter",
  		"template"
  	],
  	"bugs": {
  		"url": "https://github.com/polygraph-cool/starter/issues"
  	},
  	"homepage": "https://github.com/polygraph-cool/starter#readme",
  	"browserslist": "last 3 versions"
  }

yarn manifest: 
  No manifest

Lockfile: 
  No lockfile

Trace: 
  Error: https://registry.npmjs.org/pudding-chart: Not found
      at Request.params.callback [as _callback] (/usr/local/Cellar/yarn/0.19.1/libexec/lib/node_modules/yarn/lib/util/request-manager.js:313:18)
      at Request.self.callback (/usr/local/Cellar/yarn/0.19.1/libexec/lib/node_modules/yarn/node_modules/request/request.js:186:22)
      at Request.emit (events.js:189:13)
      at Request.<anonymous> (/usr/local/Cellar/yarn/0.19.1/libexec/lib/node_modules/yarn/node_modules/request/request.js:1081:10)
      at Request.emit (events.js:189:13)
      at IncomingMessage.<anonymous> (/usr/local/Cellar/yarn/0.19.1/libexec/lib/node_modules/yarn/node_modules/request/request.js:1001:12)
      at Object.onceWrapper (events.js:277:13)
      at IncomingMessage.emit (events.js:194:15)
      at endReadableNT (_stream_readable.js:1125:12)
      at process._tickCallback (internal/process/next_tick.js:63:19)
